{"t":{"$date":"2023-09-05T03:46:41.682+05:30"},"s":"I",  "c":"CONTROL",  "id":23285,   "ctx":"main","msg":"Automatically disabling TLS 1.0, to force-enable TLS 1.0 specify --sslDisabledProtocols 'none'"}
{"t":{"$date":"2023-09-05T03:46:41.682+05:30"},"s":"I",  "c":"NETWORK",  "id":4915701, "ctx":"main","msg":"Initialized wire specification","attr":{"spec":{"incomingExternalClient":{"minWireVersion":0,"maxWireVersion":17},"incomingInternalClient":{"minWireVersion":0,"maxWireVersion":17},"outgoing":{"minWireVersion":6,"maxWireVersion":17},"isInternalClient":true}}}
{"t":{"$date":"2023-09-05T03:46:41.683+05:30"},"s":"I",  "c":"NETWORK",  "id":4648601, "ctx":"main","msg":"Implicit TCP FastOpen unavailable. If TCP FastOpen is required, set tcpFastOpenServer, tcpFastOpenClient, and tcpFastOpenQueueSize."}
{"t":{"$date":"2023-09-05T03:46:41.684+05:30"},"s":"I",  "c":"REPL",     "id":5123008, "ctx":"main","msg":"Successfully registered PrimaryOnlyService","attr":{"service":"TenantMigrationDonorService","namespace":"config.tenantMigrationDonors"}}
{"t":{"$date":"2023-09-05T03:46:41.684+05:30"},"s":"I",  "c":"REPL",     "id":5123008, "ctx":"main","msg":"Successfully registered PrimaryOnlyService","attr":{"service":"TenantMigrationRecipientService","namespace":"config.tenantMigrationRecipients"}}
{"t":{"$date":"2023-09-05T03:46:41.684+05:30"},"s":"I",  "c":"REPL",     "id":5123008, "ctx":"main","msg":"Successfully registered PrimaryOnlyService","attr":{"service":"ShardSplitDonorService","namespace":"config.tenantSplitDonors"}}
{"t":{"$date":"2023-09-05T03:46:41.684+05:30"},"s":"I",  "c":"CONTROL",  "id":5945603, "ctx":"main","msg":"Multi threading initialized"}
{"t":{"$date":"2023-09-05T03:46:41.684+05:30"},"s":"I",  "c":"CONTROL",  "id":4615611, "ctx":"initandlisten","msg":"MongoDB starting","attr":{"pid":22328,"port":27018,"dbPath":"/data/db","architecture":"64-bit","host":"ankit-MS-7C52"}}
{"t":{"$date":"2023-09-05T03:46:41.684+05:30"},"s":"I",  "c":"CONTROL",  "id":23403,   "ctx":"initandlisten","msg":"Build Info","attr":{"buildInfo":{"version":"6.0.9","gitVersion":"90c65f9cc8fc4e6664a5848230abaa9b3f3b02f7","openSSLVersion":"OpenSSL 3.0.2 15 Mar 2022","modules":[],"allocator":"tcmalloc","environment":{"distmod":"ubuntu2204","distarch":"x86_64","target_arch":"x86_64"}}}}
{"t":{"$date":"2023-09-05T03:46:41.684+05:30"},"s":"I",  "c":"CONTROL",  "id":51765,   "ctx":"initandlisten","msg":"Operating System","attr":{"os":{"name":"Ubuntu","version":"22.04"}}}
{"t":{"$date":"2023-09-05T03:46:41.684+05:30"},"s":"I",  "c":"CONTROL",  "id":21951,   "ctx":"initandlisten","msg":"Options set by command line","attr":{"options":{"net":{"port":27018},"replication":{"replSet":"rs0"},"storage":{"dbPath":"/data/db"}}}}
{"t":{"$date":"2023-09-05T03:46:41.685+05:30"},"s":"I",  "c":"STORAGE",  "id":22270,   "ctx":"initandlisten","msg":"Storage engine to use detected by data files","attr":{"dbpath":"/data/db","storageEngine":"wiredTiger"}}
{"t":{"$date":"2023-09-05T03:46:41.685+05:30"},"s":"I",  "c":"STORAGE",  "id":22297,   "ctx":"initandlisten","msg":"Using the XFS filesystem is strongly recommended with the WiredTiger storage engine. See http://dochub.mongodb.org/core/prodnotes-filesystem","tags":["startupWarnings"]}
{"t":{"$date":"2023-09-05T03:46:41.685+05:30"},"s":"I",  "c":"STORAGE",  "id":22315,   "ctx":"initandlisten","msg":"Opening WiredTiger","attr":{"config":"create,cache_size=2416M,session_max=33000,eviction=(threads_min=4,threads_max=4),config_base=false,statistics=(fast),log=(enabled=true,remove=true,path=journal,compressor=snappy),builtin_extension_config=(zstd=(compression_level=6)),file_manager=(close_idle_time=600,close_scan_interval=10,close_handle_minimum=2000),statistics_log=(wait=0),json_output=(error,message),verbose=[recovery_progress:1,checkpoint_progress:1,compact_progress:1,backup:0,checkpoint:0,compact:0,evict:0,history_store:0,recovery:0,rts:0,salvage:0,tiered:0,timestamp:0,transaction:0,verify:0,log:0],"}}
{"t":{"$date":"2023-09-05T03:46:42.298+05:30"},"s":"E",  "c":"WT",       "id":22435,   "ctx":"initandlisten","msg":"WiredTiger error message","attr":{"error":13,"message":"[1693865802:295463][22328:0x7fa525e0bcc0], wiredtiger_open: [WT_VERB_DEFAULT][ERROR]: __posix_open_file, 812: /data/db/WiredTiger.turtle: handle-open: open: Permission denied"}}
{"t":{"$date":"2023-09-05T03:46:42.299+05:30"},"s":"E",  "c":"WT",       "id":22435,   "ctx":"initandlisten","msg":"WiredTiger error message","attr":{"error":13,"message":"[1693865802:299022][22328:0x7fa525e0bcc0], wiredtiger_open: [WT_VERB_DEFAULT][ERROR]: __posix_open_file, 812: /data/db/WiredTiger.turtle: handle-open: open: Permission denied"}}
{"t":{"$date":"2023-09-05T03:46:42.299+05:30"},"s":"E",  "c":"WT",       "id":22435,   "ctx":"initandlisten","msg":"WiredTiger error message","attr":{"error":13,"message":"[1693865802:299321][22328:0x7fa525e0bcc0], wiredtiger_open: [WT_VERB_DEFAULT][ERROR]: __posix_open_file, 812: /data/db/WiredTiger.turtle: handle-open: open: Permission denied"}}
{"t":{"$date":"2023-09-05T03:46:42.299+05:30"},"s":"W",  "c":"STORAGE",  "id":22347,   "ctx":"initandlisten","msg":"Failed to start up WiredTiger under any compatibility version. This may be due to an unsupported upgrade or downgrade."}
{"t":{"$date":"2023-09-05T03:46:42.299+05:30"},"s":"F",  "c":"STORAGE",  "id":28595,   "ctx":"initandlisten","msg":"Terminating.","attr":{"reason":"13: Permission denied"}}
{"t":{"$date":"2023-09-05T03:46:42.299+05:30"},"s":"F",  "c":"ASSERT",   "id":23091,   "ctx":"initandlisten","msg":"Fatal assertion","attr":{"msgid":28595,"file":"src/mongo/db/storage/wiredtiger/wiredtiger_kv_engine.cpp","line":708}}
{"t":{"$date":"2023-09-05T03:46:42.299+05:30"},"s":"F",  "c":"ASSERT",   "id":23092,   "ctx":"initandlisten","msg":"\n\n***aborting after fassert() failure\n\n"}
{"t":{"$date":"2023-09-05T03:47:22.754+05:30"},"s":"I",  "c":"CONTROL",  "id":23285,   "ctx":"-","msg":"Automatically disabling TLS 1.0, to force-enable TLS 1.0 specify --sslDisabledProtocols 'none'"}
{"t":{"$date":"2023-09-05T03:47:22.755+05:30"},"s":"I",  "c":"NETWORK",  "id":4915701, "ctx":"-","msg":"Initialized wire specification","attr":{"spec":{"incomingExternalClient":{"minWireVersion":0,"maxWireVersion":17},"incomingInternalClient":{"minWireVersion":0,"maxWireVersion":17},"outgoing":{"minWireVersion":6,"maxWireVersion":17},"isInternalClient":true}}}
{"t":{"$date":"2023-09-05T03:47:22.756+05:30"},"s":"I",  "c":"NETWORK",  "id":4648601, "ctx":"main","msg":"Implicit TCP FastOpen unavailable. If TCP FastOpen is required, set tcpFastOpenServer, tcpFastOpenClient, and tcpFastOpenQueueSize."}
{"t":{"$date":"2023-09-05T03:47:22.758+05:30"},"s":"I",  "c":"REPL",     "id":5123008, "ctx":"main","msg":"Successfully registered PrimaryOnlyService","attr":{"service":"TenantMigrationDonorService","namespace":"config.tenantMigrationDonors"}}
{"t":{"$date":"2023-09-05T03:47:22.758+05:30"},"s":"I",  "c":"REPL",     "id":5123008, "ctx":"main","msg":"Successfully registered PrimaryOnlyService","attr":{"service":"TenantMigrationRecipientService","namespace":"config.tenantMigrationRecipients"}}
{"t":{"$date":"2023-09-05T03:47:22.758+05:30"},"s":"I",  "c":"REPL",     "id":5123008, "ctx":"main","msg":"Successfully registered PrimaryOnlyService","attr":{"service":"ShardSplitDonorService","namespace":"config.tenantSplitDonors"}}
{"t":{"$date":"2023-09-05T03:47:22.758+05:30"},"s":"I",  "c":"CONTROL",  "id":5945603, "ctx":"main","msg":"Multi threading initialized"}
{"t":{"$date":"2023-09-05T03:47:22.758+05:30"},"s":"I",  "c":"CONTROL",  "id":4615611, "ctx":"initandlisten","msg":"MongoDB starting","attr":{"pid":22340,"port":27018,"dbPath":"/data/db","architecture":"64-bit","host":"ankit-MS-7C52"}}
{"t":{"$date":"2023-09-05T03:47:22.758+05:30"},"s":"I",  "c":"CONTROL",  "id":23403,   "ctx":"initandlisten","msg":"Build Info","attr":{"buildInfo":{"version":"6.0.9","gitVersion":"90c65f9cc8fc4e6664a5848230abaa9b3f3b02f7","openSSLVersion":"OpenSSL 3.0.2 15 Mar 2022","modules":[],"allocator":"tcmalloc","environment":{"distmod":"ubuntu2204","distarch":"x86_64","target_arch":"x86_64"}}}}
{"t":{"$date":"2023-09-05T03:47:22.758+05:30"},"s":"I",  "c":"CONTROL",  "id":51765,   "ctx":"initandlisten","msg":"Operating System","attr":{"os":{"name":"Ubuntu","version":"22.04"}}}
{"t":{"$date":"2023-09-05T03:47:22.758+05:30"},"s":"I",  "c":"CONTROL",  "id":21951,   "ctx":"initandlisten","msg":"Options set by command line","attr":{"options":{"net":{"port":27018},"replication":{"replSet":"rs0"},"storage":{"dbPath":"/data/db"}}}}
{"t":{"$date":"2023-09-05T03:47:22.759+05:30"},"s":"I",  "c":"STORAGE",  "id":22270,   "ctx":"initandlisten","msg":"Storage engine to use detected by data files","attr":{"dbpath":"/data/db","storageEngine":"wiredTiger"}}
{"t":{"$date":"2023-09-05T03:47:22.759+05:30"},"s":"I",  "c":"STORAGE",  "id":22297,   "ctx":"initandlisten","msg":"Using the XFS filesystem is strongly recommended with the WiredTiger storage engine. See http://dochub.mongodb.org/core/prodnotes-filesystem","tags":["startupWarnings"]}
{"t":{"$date":"2023-09-05T03:47:22.759+05:30"},"s":"I",  "c":"STORAGE",  "id":22315,   "ctx":"initandlisten","msg":"Opening WiredTiger","attr":{"config":"create,cache_size=2416M,session_max=33000,eviction=(threads_min=4,threads_max=4),config_base=false,statistics=(fast),log=(enabled=true,remove=true,path=journal,compressor=snappy),builtin_extension_config=(zstd=(compression_level=6)),file_manager=(close_idle_time=600,close_scan_interval=10,close_handle_minimum=2000),statistics_log=(wait=0),json_output=(error,message),verbose=[recovery_progress:1,checkpoint_progress:1,compact_progress:1,backup:0,checkpoint:0,compact:0,evict:0,history_store:0,recovery:0,rts:0,salvage:0,tiered:0,timestamp:0,transaction:0,verify:0,log:0],"}}
{"t":{"$date":"2023-09-05T03:47:23.522+05:30"},"s":"E",  "c":"WT",       "id":22435,   "ctx":"initandlisten","msg":"WiredTiger error message","attr":{"error":13,"message":"[1693865843:522101][22340:0x7fc8b7c29cc0], wiredtiger_open: [WT_VERB_DEFAULT][ERROR]: __posix_open_file, 812: /data/db/WiredTiger.turtle: handle-open: open: Permission denied"}}
{"t":{"$date":"2023-09-05T03:47:23.522+05:30"},"s":"E",  "c":"WT",       "id":22435,   "ctx":"initandlisten","msg":"WiredTiger error message","attr":{"error":13,"message":"[1693865843:522599][22340:0x7fc8b7c29cc0], wiredtiger_open: [WT_VERB_DEFAULT][ERROR]: __posix_open_file, 812: /data/db/WiredTiger.turtle: handle-open: open: Permission denied"}}
{"t":{"$date":"2023-09-05T03:47:23.522+05:30"},"s":"E",  "c":"WT",       "id":22435,   "ctx":"initandlisten","msg":"WiredTiger error message","attr":{"error":13,"message":"[1693865843:522936][22340:0x7fc8b7c29cc0], wiredtiger_open: [WT_VERB_DEFAULT][ERROR]: __posix_open_file, 812: /data/db/WiredTiger.turtle: handle-open: open: Permission denied"}}
{"t":{"$date":"2023-09-05T03:47:23.523+05:30"},"s":"W",  "c":"STORAGE",  "id":22347,   "ctx":"initandlisten","msg":"Failed to start up WiredTiger under any compatibility version. This may be due to an unsupported upgrade or downgrade."}
{"t":{"$date":"2023-09-05T03:47:23.523+05:30"},"s":"F",  "c":"STORAGE",  "id":28595,   "ctx":"initandlisten","msg":"Terminating.","attr":{"reason":"13: Permission denied"}}
{"t":{"$date":"2023-09-05T03:47:23.523+05:30"},"s":"F",  "c":"ASSERT",   "id":23091,   "ctx":"initandlisten","msg":"Fatal assertion","attr":{"msgid":28595,"file":"src/mongo/db/storage/wiredtiger/wiredtiger_kv_engine.cpp","line":708}}
{"t":{"$date":"2023-09-05T03:47:23.523+05:30"},"s":"F",  "c":"ASSERT",   "id":23092,   "ctx":"initandlisten","msg":"\n\n***aborting after fassert() failure\n\n"}
{"t":{"$date":"2023-09-05T03:50:26.003+05:30"},"s":"I",  "c":"CONTROL",  "id":23285,   "ctx":"-","msg":"Automatically disabling TLS 1.0, to force-enable TLS 1.0 specify --sslDisabledProtocols 'none'"}
{"t":{"$date":"2023-09-05T03:50:26.004+05:30"},"s":"I",  "c":"NETWORK",  "id":4915701, "ctx":"-","msg":"Initialized wire specification","attr":{"spec":{"incomingExternalClient":{"minWireVersion":0,"maxWireVersion":17},"incomingInternalClient":{"minWireVersion":0,"maxWireVersion":17},"outgoing":{"minWireVersion":6,"maxWireVersion":17},"isInternalClient":true}}}
{"t":{"$date":"2023-09-05T03:50:26.004+05:30"},"s":"I",  "c":"NETWORK",  "id":4648601, "ctx":"main","msg":"Implicit TCP FastOpen unavailable. If TCP FastOpen is required, set tcpFastOpenServer, tcpFastOpenClient, and tcpFastOpenQueueSize."}
{"t":{"$date":"2023-09-05T03:50:26.005+05:30"},"s":"I",  "c":"REPL",     "id":5123008, "ctx":"main","msg":"Successfully registered PrimaryOnlyService","attr":{"service":"TenantMigrationDonorService","namespace":"config.tenantMigrationDonors"}}
{"t":{"$date":"2023-09-05T03:50:26.005+05:30"},"s":"I",  "c":"REPL",     "id":5123008, "ctx":"main","msg":"Successfully registered PrimaryOnlyService","attr":{"service":"TenantMigrationRecipientService","namespace":"config.tenantMigrationRecipients"}}
{"t":{"$date":"2023-09-05T03:50:26.005+05:30"},"s":"I",  "c":"REPL",     "id":5123008, "ctx":"main","msg":"Successfully registered PrimaryOnlyService","attr":{"service":"ShardSplitDonorService","namespace":"config.tenantSplitDonors"}}
{"t":{"$date":"2023-09-05T03:50:26.005+05:30"},"s":"I",  "c":"CONTROL",  "id":5945603, "ctx":"main","msg":"Multi threading initialized"}
{"t":{"$date":"2023-09-05T03:50:26.006+05:30"},"s":"I",  "c":"CONTROL",  "id":4615611, "ctx":"initandlisten","msg":"MongoDB starting","attr":{"pid":22557,"port":27018,"dbPath":"/data/db","architecture":"64-bit","host":"ankit-MS-7C52"}}
{"t":{"$date":"2023-09-05T03:50:26.006+05:30"},"s":"I",  "c":"CONTROL",  "id":23403,   "ctx":"initandlisten","msg":"Build Info","attr":{"buildInfo":{"version":"6.0.9","gitVersion":"90c65f9cc8fc4e6664a5848230abaa9b3f3b02f7","openSSLVersion":"OpenSSL 3.0.2 15 Mar 2022","modules":[],"allocator":"tcmalloc","environment":{"distmod":"ubuntu2204","distarch":"x86_64","target_arch":"x86_64"}}}}
{"t":{"$date":"2023-09-05T03:50:26.006+05:30"},"s":"I",  "c":"CONTROL",  "id":51765,   "ctx":"initandlisten","msg":"Operating System","attr":{"os":{"name":"Ubuntu","version":"22.04"}}}
{"t":{"$date":"2023-09-05T03:50:26.006+05:30"},"s":"I",  "c":"CONTROL",  "id":21951,   "ctx":"initandlisten","msg":"Options set by command line","attr":{"options":{"net":{"port":27018},"replication":{"replSet":"rs0"},"storage":{"dbPath":"/data/db"}}}}
{"t":{"$date":"2023-09-05T03:50:26.006+05:30"},"s":"I",  "c":"STORAGE",  "id":22270,   "ctx":"initandlisten","msg":"Storage engine to use detected by data files","attr":{"dbpath":"/data/db","storageEngine":"wiredTiger"}}
{"t":{"$date":"2023-09-05T03:50:26.006+05:30"},"s":"I",  "c":"STORAGE",  "id":22297,   "ctx":"initandlisten","msg":"Using the XFS filesystem is strongly recommended with the WiredTiger storage engine. See http://dochub.mongodb.org/core/prodnotes-filesystem","tags":["startupWarnings"]}
{"t":{"$date":"2023-09-05T03:50:26.006+05:30"},"s":"I",  "c":"STORAGE",  "id":22315,   "ctx":"initandlisten","msg":"Opening WiredTiger","attr":{"config":"create,cache_size=2416M,session_max=33000,eviction=(threads_min=4,threads_max=4),config_base=false,statistics=(fast),log=(enabled=true,remove=true,path=journal,compressor=snappy),builtin_extension_config=(zstd=(compression_level=6)),file_manager=(close_idle_time=600,close_scan_interval=10,close_handle_minimum=2000),statistics_log=(wait=0),json_output=(error,message),verbose=[recovery_progress:1,checkpoint_progress:1,compact_progress:1,backup:0,checkpoint:0,compact:0,evict:0,history_store:0,recovery:0,rts:0,salvage:0,tiered:0,timestamp:0,transaction:0,verify:0,log:0],"}}
{"t":{"$date":"2023-09-05T03:50:26.676+05:30"},"s":"E",  "c":"WT",       "id":22435,   "ctx":"initandlisten","msg":"WiredTiger error message","attr":{"error":13,"message":"[1693866026:676089][22557:0x7f69eebc8cc0], wiredtiger_open: [WT_VERB_DEFAULT][ERROR]: __posix_open_file, 812: /data/db/WiredTiger.turtle: handle-open: open: Permission denied"}}
{"t":{"$date":"2023-09-05T03:50:26.676+05:30"},"s":"E",  "c":"WT",       "id":22435,   "ctx":"initandlisten","msg":"WiredTiger error message","attr":{"error":13,"message":"[1693866026:676594][22557:0x7f69eebc8cc0], wiredtiger_open: [WT_VERB_DEFAULT][ERROR]: __posix_open_file, 812: /data/db/WiredTiger.turtle: handle-open: open: Permission denied"}}
{"t":{"$date":"2023-09-05T03:50:26.676+05:30"},"s":"E",  "c":"WT",       "id":22435,   "ctx":"initandlisten","msg":"WiredTiger error message","attr":{"error":13,"message":"[1693866026:676894][22557:0x7f69eebc8cc0], wiredtiger_open: [WT_VERB_DEFAULT][ERROR]: __posix_open_file, 812: /data/db/WiredTiger.turtle: handle-open: open: Permission denied"}}
{"t":{"$date":"2023-09-05T03:50:26.676+05:30"},"s":"W",  "c":"STORAGE",  "id":22347,   "ctx":"initandlisten","msg":"Failed to start up WiredTiger under any compatibility version. This may be due to an unsupported upgrade or downgrade."}
{"t":{"$date":"2023-09-05T03:50:26.676+05:30"},"s":"F",  "c":"STORAGE",  "id":28595,   "ctx":"initandlisten","msg":"Terminating.","attr":{"reason":"13: Permission denied"}}
{"t":{"$date":"2023-09-05T03:50:26.676+05:30"},"s":"F",  "c":"ASSERT",   "id":23091,   "ctx":"initandlisten","msg":"Fatal assertion","attr":{"msgid":28595,"file":"src/mongo/db/storage/wiredtiger/wiredtiger_kv_engine.cpp","line":708}}
{"t":{"$date":"2023-09-05T03:50:26.677+05:30"},"s":"F",  "c":"ASSERT",   "id":23092,   "ctx":"initandlisten","msg":"\n\n***aborting after fassert() failure\n\n"}
